{"/Users/sunilbista/Desktop/Sunil/Learn/TaskManager/frontend/src/App.tsx": {"path":"/Users/sunilbista/Desktop/Sunil/Learn/TaskManager/frontend/src/App.tsx","statementMap":{"0":{"start":{"line":5,"column":22},"end":{"line":13,"column":null}},"1":{"start":{"line":6,"column":28},"end":{"line":6,"column":null}},"2":{"start":{"line":7,"column":2},"end":{"line":11,"column":null}},"3":{"start":{"line":10,"column":29},"end":{"line":10,"column":50}}},"fnMap":{"0":{"name":"(anonymous_0)","decl":{"start":{"line":5,"column":22},"end":{"line":5,"column":28}},"loc":{"start":{"line":5,"column":28},"end":{"line":13,"column":null}}},"1":{"name":"(anonymous_1)","decl":{"start":{"line":10,"column":23},"end":{"line":10,"column":29}},"loc":{"start":{"line":10,"column":29},"end":{"line":10,"column":50}}}},"branchMap":{},"s":{"0":0,"1":0,"2":0,"3":0},"f":{"0":0,"1":0},"b":{}}
,"/Users/sunilbista/Desktop/Sunil/Learn/TaskManager/frontend/src/main.tsx": {"path":"/Users/sunilbista/Desktop/Sunil/Learn/TaskManager/frontend/src/main.tsx","statementMap":{"0":{"start":{"line":6,"column":0},"end":{"line":10,"column":null}}},"fnMap":{},"branchMap":{},"s":{"0":0},"f":{},"b":{}}
,"/Users/sunilbista/Desktop/Sunil/Learn/TaskManager/frontend/src/components/Login.tsx": {"path":"/Users/sunilbista/Desktop/Sunil/Learn/TaskManager/frontend/src/components/Login.tsx","statementMap":{"0":{"start":{"line":3,"column":24},"end":{"line":11,"column":null}},"1":{"start":{"line":4,"column":2},"end":{"line":9,"column":null}},"2":{"start":{"line":8,"column":29},"end":{"line":8,"column":50}}},"fnMap":{"0":{"name":"(anonymous_0)","decl":{"start":{"line":3,"column":24},"end":{"line":3,"column":30}},"loc":{"start":{"line":3,"column":30},"end":{"line":11,"column":null}}},"1":{"name":"(anonymous_1)","decl":{"start":{"line":8,"column":23},"end":{"line":8,"column":29}},"loc":{"start":{"line":8,"column":29},"end":{"line":8,"column":50}}}},"branchMap":{},"s":{"0":1,"1":3,"2":1},"f":{"0":3,"1":1},"b":{}}
}
